[2022-12-09T14:06:34.536904+01:00] name.INFO: Nuevo Libro registrado correctamente. [] []
[2022-12-09T14:06:53.179235+01:00] name.INFO: Nuevo Libro registrado correctamente. [] []
[2022-12-09T18:09:39.211102+01:00] name.INFO: Número de préstamos excedido. No puede tener más de 5 prestamos activos. [] []
[2022-12-09T18:12:36.723885+01:00] name.INFO: Número de préstamos excedido. No puede tener más de 5 prestamos activos. [] []
[2022-12-09T18:13:23.504578+01:00] name.INFO: Número de préstamos excedido. No puede tener más de 5 prestamos activos. [] []
[2022-12-09T18:21:56.861371+01:00] name.INFO: Número de préstamos excedido. No puede tener más de 5 prestamos activos. [] []
[2022-12-09T20:17:38.358354+01:00] name.INFO: Número máximo de prestamos modificado. [] []
[2022-12-09T20:22:03.395401+01:00] name.INFO: Número máximo de prestamos modificado. [] []
[2022-12-10T11:33:42.061352+01:00] name.INFO: Número máximo de prestamos modificado. [] []
[2022-12-10T11:34:01.741805+01:00] name.INFO: Número máximo de prestamos modificado. [] []
[2022-12-10T11:34:54.150773+01:00] name.INFO: Número máximo de prestamos modificado. [] []
[2022-12-10T11:36:01.593189+01:00] name.INFO: Número máximo de prestamos modificado. [] []
[2022-12-10T11:36:08.468815+01:00] name.INFO: Número máximo de prestamos modificado. [] []
[2022-12-10T11:40:05.414971+01:00] name.INFO: Número máximo de prestamos modificado a 3de prestamos [] []
[2022-12-10T11:41:10.498859+01:00] name.INFO: Número máximo de prestamos modificado a 3 [] []
[2022-12-12T21:54:31.550353+01:00] name.INFO: Los archivos no son del tipo jpg, jpeg, png, gif. [] []
[2022-12-12T21:54:31.579981+01:00] name.INFO:  [] []
[2022-12-12T22:02:14.782502+01:00] name.INFO: No tienes prestamos. [] []
[2022-12-12T22:18:49.387298+01:00] name.INFO: Nuevo Libro registrado correctamente. [] []
[2022-12-12T22:19:03.449830+01:00] name.INFO: Número de préstamos excedido. No puede tener más de 5 prestamos activos. [] []
[2022-12-12T22:21:07.821403+01:00] name.INFO: Número de préstamos excedido. No puede tener más de 5 prestamos activos. [] []
[2022-12-12T22:21:54.810488+01:00] name.INFO: Número de préstamos excedido. No puede tener más de 5 prestamos activos. [] []
[2022-12-12T22:25:06.149837+01:00] name.INFO: Número máximo de prestamos modificado a 4 [] []
[2022-12-12T22:26:01.584729+01:00] name.INFO: Número máximo de prestamos modificado a 4 [] []
[2022-12-12T22:26:27.458345+01:00] name.INFO: Número máximo de prestamos modificado a 4 [] []
[2022-12-12T22:26:45.667317+01:00] name.INFO: Número máximo de prestamos modificado a 5 [] []
[2022-12-12T23:27:33.289939+01:00] name.INFO: Número de préstamos excedido. No puede tener más de 5 prestamos activos. [] []
[2022-12-12T23:28:20.663549+01:00] name.INFO: Número de préstamos excedido. No puede tener más de 5 prestamos activos. [] []
[2022-12-12T23:28:48.988259+01:00] name.INFO: Número de préstamos excedido. No puede tener más de 5 prestamos activos. [] []
[2022-12-12T23:29:47.500289+01:00] name.INFO: Número de préstamos excedido. No puede tener más de 5 prestamos activos. [] []
[2022-12-12T23:33:03.467155+01:00] name.INFO: Número máximo de prestamos modificado a 4 [] []
[2022-12-12T23:33:19.425335+01:00] name.INFO: Número máximo de prestamos modificado a 4 [] []
[2022-12-12T23:33:44.408671+01:00] name.INFO: Número máximo de prestamos modificado a 4 [] []
[2022-12-12T23:33:52.109860+01:00] name.INFO: Número máximo de prestamos modificado a 4 [] []
[2022-12-12T23:34:07.756338+01:00] name.INFO: Número de préstamos excedido. No puede tener más de 5 prestamos activos. [] []
[2022-12-12T23:36:40.371382+01:00] name.INFO: Número de préstamos excedido. No puede tener más de 5 prestamos activos. [] []
